2018-05-24 16:47:29: -- Analysis Started by User Command
2018-05-24 16:47:34: Changes: 12, Conflicts: 0, CopyTime: 0, FixState: 0, Errors: 0, All: 72
2018-05-24 16:47:34: Left to Right: Copy File: 11 Delete File: 1 
2018-05-24 16:47:34: -- Analysis Complete. Time 00:00:06, Speed: 6 files/s
2018-05-24 16:47:34: 
2018-05-24 16:47:40: == Sync Started by User Command
2018-05-24 16:47:42: Delete File 'ftp://ftp.lapk.org/www/software/Pmetrics/Repos/src/contrib/Pmetrics_1.5.1.tar.gz'
2018-05-24 16:47:42: Create Folder 'ftp://ftp.lapk.org/www/software/Pmetrics/Repos/bin/macosx/contrib/3.5'
2018-05-24 16:47:42: Create Folder 'ftp://ftp.lapk.org/www/software/Pmetrics/Repos/bin/macosx/mavericks/contrib/3.5'
2018-05-24 16:47:42: Create Folder 'ftp://ftp.lapk.org/www/software/Pmetrics/Repos/bin/windows/contrib/3.5'
2018-05-24 16:47:42: Copy New '/Users/Neely/LAPK/PmetricsSource/Repos/bin/macosx/contrib/3.5/PACKAGES' -> 'ftp://ftp.lapk.org/www/software/Pmetrics/Repos/bin/macosx/contrib/3.5/PACKAGES' (224)
2018-05-24 16:47:45: Copy New '/Users/Neely/LAPK/PmetricsSource/Repos/bin/macosx/contrib/3.5/Pmetrics_1.5.2.tgz' -> 'ftp://ftp.lapk.org/www/software/Pmetrics/Repos/bin/macosx/contrib/3.5/Pmetrics_1.5.2.tgz' (7208855)
2018-05-24 16:47:46: Copy New '/Users/Neely/LAPK/PmetricsSource/Repos/bin/macosx/mavericks/contrib/3.5/PACKAGES' -> 'ftp://ftp.lapk.org/www/software/Pmetrics/Repos/bin/macosx/mavericks/contrib/3.5/PACKAGES' (224)
2018-05-24 16:47:49: Copy New '/Users/Neely/LAPK/PmetricsSource/Repos/bin/macosx/mavericks/contrib/3.5/Pmetrics_1.5.2.tgz' -> 'ftp://ftp.lapk.org/www/software/Pmetrics/Repos/bin/macosx/mavericks/contrib/3.5/Pmetrics_1.5.2.tgz' (7208855)
2018-05-24 16:47:49: Copy New '/Users/Neely/LAPK/PmetricsSource/Repos/bin/windows/contrib/3.5/PACKAGES' -> 'ftp://ftp.lapk.org/www/software/Pmetrics/Repos/bin/windows/contrib/3.5/PACKAGES' (191)
2018-05-24 16:47:53: Copy New '/Users/Neely/LAPK/PmetricsSource/Repos/bin/windows/contrib/3.5/Pmetrics_1.5.2.zip' -> 'ftp://ftp.lapk.org/www/software/Pmetrics/Repos/bin/windows/contrib/3.5/Pmetrics_1.5.2.zip' (7365112)
2018-05-24 16:47:54: Copy Over '/Users/Neely/LAPK/PmetricsSource/Repos/src/contrib/PACKAGES' -> 'ftp://ftp.lapk.org/www/software/Pmetrics/Repos/src/contrib/PACKAGES' (246)
2018-05-24 16:47:56: Copy New '/Users/Neely/LAPK/PmetricsSource/Repos/src/contrib/Pmetrics_1.5.2.tar.gz' -> 'ftp://ftp.lapk.org/www/software/Pmetrics/Repos/src/contrib/Pmetrics_1.5.2.tar.gz' (6504617)
2018-05-24 16:47:56: Deleted Recycled: ftp://ftp.lapk.org/www/software/Pmetrics/Repos/_gsdata_/_saved_/bin/macosx/contrib/3.1/PACKAGES
2018-05-24 16:47:56: Deleted Recycled: ftp://ftp.lapk.org/www/software/Pmetrics/Repos/_gsdata_/_saved_/bin/macosx/contrib/3.2/Pmetrics_1.5.0.tgz
2018-05-24 16:47:56: Deleted Recycled: ftp://ftp.lapk.org/www/software/Pmetrics/Repos/_gsdata_/_saved_/bin/macosx/mavericks/contrib/3.1/PACKAGES
2018-05-24 16:47:57: Deleted Recycled: ftp://ftp.lapk.org/www/software/Pmetrics/Repos/_gsdata_/_saved_/bin/macosx/mavericks/contrib/3.2/Pmetrics_1.5.0.tgz
2018-05-24 16:47:57: Deleted Recycled: ftp://ftp.lapk.org/www/software/Pmetrics/Repos/_gsdata_/_saved_/bin/windows/contrib/3.3/Pmetrics_1.5.0.zip
2018-05-24 16:47:57: Deleted Recycled: ftp://ftp.lapk.org/www/software/Pmetrics/Repos/_gsdata_/_saved_/bin/macosx/contrib/3.2/PACKAGES
2018-05-24 16:47:57: Deleted Recycled: ftp://ftp.lapk.org/www/software/Pmetrics/Repos/_gsdata_/_saved_/bin/windows/contrib/3.3/PACKAGES
2018-05-24 16:47:57: Deleted Recycled: ftp://ftp.lapk.org/www/software/Pmetrics/Repos/_gsdata_/_saved_/bin/macosx/contrib/3.1/Pmetrics_1.4.0.tgz
2018-05-24 16:47:57: Deleted Recycled: ftp://ftp.lapk.org/www/software/Pmetrics/Repos/_gsdata_/_saved_/bin/macosx/mavericks/contrib/3.2/PACKAGES
2018-05-24 16:47:58: Deleted Recycled: ftp://ftp.lapk.org/www/software/Pmetrics/Repos/_gsdata_/_saved_/bin/macosx/contrib/3.3/PACKAGES
2018-05-24 16:47:58: Deleted Recycled: ftp://ftp.lapk.org/www/software/Pmetrics/Repos/_gsdata_/_saved_/bin/macosx/mavericks/contrib/3.1/Pmetrics_1.4.0.tgz
2018-05-24 16:47:58: Deleted Recycled: ftp://ftp.lapk.org/www/software/Pmetrics/Repos/_gsdata_/_saved_/bin/windows/contrib/3.2/Pmetrics_1.4.2.zip
2018-05-24 16:47:58: Deleted Recycled: ftp://ftp.lapk.org/www/software/Pmetrics/Repos/_gsdata_/_saved_/bin/macosx/contrib/3.3/Pmetrics_1.5.0.tgz
2018-05-24 16:47:58: Deleted Recycled: ftp://ftp.lapk.org/www/software/Pmetrics/Repos/_gsdata_/_saved_/bin/windows/contrib/3.1/PACKAGES
2018-05-24 16:47:59: Deleted Recycled: ftp://ftp.lapk.org/www/software/Pmetrics/Repos/_gsdata_/_saved_/bin/macosx/mavericks/contrib/3.3/PACKAGES
2018-05-24 16:47:59: Deleted Recycled: ftp://ftp.lapk.org/www/software/Pmetrics/Repos/_gsdata_/_saved_/bin/windows/contrib/3.1/Pmetrics_1.4.0.zip
2018-05-24 16:47:59: Deleted Recycled: ftp://ftp.lapk.org/www/software/Pmetrics/Repos/_gsdata_/_saved_/bin/macosx/mavericks/contrib/3.3/Pmetrics_1.5.0.tgz
2018-05-24 16:47:59: Deleted Recycled: ftp://ftp.lapk.org/www/software/Pmetrics/Repos/_gsdata_/_saved_/bin/windows/contrib/3.2/PACKAGES
2018-05-24 16:48:00: Deleted Recycled: ftp://ftp.lapk.org/www/software/Pmetrics/Repos/_gsdata_/_saved_/src/contrib/Pmetrics_1.5.0.tar.gz
2018-05-24 16:48:01: == Sync Complete. Time: 00:00:22, Speed: 1.6 MB/s, OK: 12, Errors: 0
2018-05-24 16:48:01: 
