2018-05-23 09:55:51: -- Analysis Started by User Command
2018-05-23 09:55:54: /PACKAGES: Conflict: New files that differ
2018-05-23 09:55:54: /PACKAGES.gz: Conflict: New files that differ
2018-05-23 09:55:54: /PACKAGES.rds: L:TimeSize<>; R:TimeSize<>; Conflict: File Modified on Both Sides
2018-05-23 09:55:54: Analyze has finished with Conflicts. Resolve Conflicts by selecting the correct sync direction, then click Sync
2018-05-23 09:55:54: Changes: 9, Conflicts: 3, CopyTime: 0, FixState: 1, Errors: 0, All: 1614
2018-05-23 09:55:54: Left to Right: Copy File: 6 
2018-05-23 09:55:54: -- Analysis Complete. Time 00:00:03, Speed: 133 files/s
2018-05-23 09:55:54: 
2018-05-23 09:56:04: == Sync Started by User Command
2018-05-23 09:56:04: /PACKAGES: unresolved conflict results in No Copy
2018-05-23 09:56:04: /PACKAGES.gz: unresolved conflict results in No Copy
2018-05-23 09:56:04: /PACKAGES.rds: unresolved conflict results in No Copy
2018-05-23 09:56:04: Copy Over '/Users/Neely/LAPK/PmetricsSource/PMchangelog.html' -> '/Volumes/[C] Windows 10.hidden/LAPK/PmetricsSource/PMchangelog.html' (36075)
2018-05-23 09:56:04: Copy Over '/Users/Neely/LAPK/PmetricsSource/Pmetrics/DESCRIPTION' -> '/Volumes/[C] Windows 10.hidden/LAPK/PmetricsSource/Pmetrics/DESCRIPTION' (1003)
2018-05-23 09:56:04: Copy Over '/Users/Neely/LAPK/PmetricsSource/Pmetrics/inst/config/newFort.txt' -> '/Volumes/[C] Windows 10.hidden/LAPK/PmetricsSource/Pmetrics/inst/config/newFort.txt' (2)
2018-05-23 09:56:04: Copy Over '/Users/Neely/LAPK/PmetricsSource/Pmetrics/inst/NEWS.Rd' -> '/Volumes/[C] Windows 10.hidden/LAPK/PmetricsSource/Pmetrics/inst/NEWS.Rd' (34382)
2018-05-23 09:56:04: Copy Over '/Users/Neely/LAPK/PmetricsSource/Pmetrics/PMoptions.json' -> '/Volumes/[C] Windows 10.hidden/LAPK/PmetricsSource/Pmetrics/PMoptions.json' (22)
2018-05-23 09:56:05: Copy Over '/Users/Neely/LAPK/PmetricsSource/PmetricsVersion.txt' -> '/Volumes/[C] Windows 10.hidden/LAPK/PmetricsSource/PmetricsVersion.txt' (5)
2018-05-23 09:56:05: Deleted Recycled: /Users/Neely/LAPK/PmetricsSource/_gsdata_/_saved_/Pmetrics/src-x64/Pmetrics.dll
2018-05-23 09:56:05: Deleted Recycled: /Users/Neely/LAPK/PmetricsSource/_gsdata_/_saved_/Pmetrics/src-i386/knn.o
2018-05-23 09:56:05: Deleted Recycled: /Users/Neely/LAPK/PmetricsSource/_gsdata_/_saved_/Pmetrics/R/PMrun.R
2018-05-23 09:56:05: Deleted Recycled: /Users/Neely/LAPK/PmetricsSource/_gsdata_/_saved_/Pmetrics/src/Pmetrics.so
2018-05-23 09:56:05: Deleted Recycled: /Users/Neely/LAPK/PmetricsSource/_gsdata_/_saved_/Pmetrics/src-i386/knn.cpp
2018-05-23 09:56:05: Deleted Recycled: /Users/Neely/LAPK/PmetricsSource/_gsdata_/_saved_/Pmetrics/src-x64/knn.cpp
2018-05-23 09:56:05: Deleted Recycled: /Users/Neely/LAPK/PmetricsSource/_gsdata_/_saved_/PACKAGES.rds
2018-05-23 09:56:05: Deleted Recycled: /Users/Neely/LAPK/PmetricsSource/_gsdata_/_saved_/Pmetrics/src-x64/knn.o
2018-05-23 09:56:05: Deleted Recycled: /Users/Neely/LAPK/PmetricsSource/_gsdata_/_saved_/Pmetrics/src-i386/Pmetrics.dll
2018-05-23 09:56:05: Deleted Recycled: /Users/Neely/LAPK/PmetricsSource/_gsdata_/_saved_/Source/makePmetrics.R
2018-05-23 09:56:05: Deleting Recycled Folder: /Source: cannot delete folder /Users/Neely/LAPK/PmetricsSource/_gsdata_/_saved_/Source: Directory not empty (error 66)
2018-05-23 09:56:05: Deleted Recycled: /Users/Neely/LAPK/PmetricsSource/_gsdata_/_saved_/Pmetrics/src/knn.o
2018-05-23 09:56:05: Deleting Recycled Folder: /Pmetrics: cannot delete folder /Users/Neely/LAPK/PmetricsSource/_gsdata_/_saved_/Pmetrics: Directory not empty (error 66)
2018-05-23 09:56:05: Deleted Recycled: /Volumes/[C] Windows 10.hidden/LAPK/PmetricsSource/_gsdata_/_saved_/Pmetrics/man/print.PMdopt.Rd
2018-05-23 09:56:05: Deleted Recycled: /Volumes/[C] Windows 10.hidden/LAPK/PmetricsSource/_gsdata_/_saved_/Pmetrics/man/growth.Rd
2018-05-23 09:56:05: Deleted Recycled: /Volumes/[C] Windows 10.hidden/LAPK/PmetricsSource/_gsdata_/_saved_/Pmetrics/man/summary.PMop.Rd
2018-05-23 09:56:05: Deleted Recycled: /Volumes/[C] Windows 10.hidden/LAPK/PmetricsSource/_gsdata_/_saved_/Pmetrics/man/NPparse.Rd
2018-05-23 09:56:05: Deleted Recycled: /Volumes/[C] Windows 10.hidden/LAPK/PmetricsSource/_gsdata_/_saved_/Pmetrics/man/makePost.Rd
2018-05-23 09:56:05: Deleted Recycled: /Volumes/[C] Windows 10.hidden/LAPK/PmetricsSource/_gsdata_/_saved_/Pmetrics/man/PMmb2csv.Rd
2018-05-23 09:56:05: Deleted Recycled: /Volumes/[C] Windows 10.hidden/LAPK/PmetricsSource/_gsdata_/_saved_/Pmetrics/man/ERRrun.Rd
2018-05-23 09:56:05: Deleted Recycled: /Volumes/[C] Windows 10.hidden/LAPK/PmetricsSource/_gsdata_/_saved_/Pmetrics/R/plotPMfinal.R
2018-05-23 09:56:05: Deleted Recycled: /Volumes/[C] Windows 10.hidden/LAPK/PmetricsSource/_gsdata_/_saved_/Pmetrics/man/PMcheck.Rd
2018-05-23 09:56:05: Deleted Recycled: /Volumes/[C] Windows 10.hidden/LAPK/PmetricsSource/_gsdata_/_saved_/Pmetrics/man/plot.PMcov.Rd
2018-05-23 09:56:05: Deleted Recycled: /Volumes/[C] Windows 10.hidden/LAPK/PmetricsSource/_gsdata_/_saved_/Pmetrics/man/ss.PK.Rd
2018-05-23 09:56:05: Deleted Recycled: /Volumes/[C] Windows 10.hidden/LAPK/PmetricsSource/_gsdata_/_saved_/Pmetrics/man/setPMoptions.Rd
2018-05-23 09:56:05: Deleted Recycled: /Volumes/[C] Windows 10.hidden/LAPK/PmetricsSource/_gsdata_/_saved_/Pmetrics/man/PMcode.Rd
2018-05-23 09:56:05: Deleted Recycled: /Volumes/[C] Windows 10.hidden/LAPK/PmetricsSource/_gsdata_/_saved_/Pmetrics/man/makeNPDE.Rd
2018-05-23 09:56:05: Deleted Recycled: /Volumes/[C] Windows 10.hidden/LAPK/PmetricsSource/_gsdata_/_saved_/Pmetrics/man/makeOP.Rd
2018-05-23 09:56:05: Deleted Recycled: /Volumes/[C] Windows 10.hidden/LAPK/PmetricsSource/_gsdata_/_saved_/Pmetrics/R/makeOP.R
2018-05-23 09:56:05: Deleted Recycled: /Volumes/[C] Windows 10.hidden/LAPK/PmetricsSource/_gsdata_/_saved_/Pmetrics/man/ERRreport.Rd
2018-05-23 09:56:05: Deleted Recycled: /Volumes/[C] Windows 10.hidden/LAPK/PmetricsSource/_gsdata_/_saved_/Pmetrics/man/getPMoptions.Rd
2018-05-23 09:56:05: Deleted Recycled: /Volumes/[C] Windows 10.hidden/LAPK/PmetricsSource/_gsdata_/_saved_/Pmetrics/man/makeCov.Rd
2018-05-23 09:56:05: Deleted Recycled: /Volumes/[C] Windows 10.hidden/LAPK/PmetricsSource/_gsdata_/_saved_/Pmetrics/man/print.PMerr.Rd
2018-05-23 09:56:05: Deleted Recycled: /Volumes/[C] Windows 10.hidden/LAPK/PmetricsSource/_gsdata_/_saved_/Pmetrics/man/PMcheckMatrix.Rd
2018-05-23 09:56:05: Deleted Recycled: /Volumes/[C] Windows 10.hidden/LAPK/PmetricsSource/_gsdata_/_saved_/Pmetrics/man/SIMrun.Rd
2018-05-23 09:56:05: Deleted Recycled: /Volumes/[C] Windows 10.hidden/LAPK/PmetricsSource/_gsdata_/_saved_/Pmetrics/man/mtsknn.eq.Rd
2018-05-23 09:56:05: Deleted Recycled: /Volumes/[C] Windows 10.hidden/LAPK/PmetricsSource/_gsdata_/_saved_/Pmetrics/man/print.summary.PMop.Rd
2018-05-23 09:56:05: Deleted Recycled: /Volumes/[C] Windows 10.hidden/LAPK/PmetricsSource/_gsdata_/_saved_/Pmetrics/man/makeNCA.Rd
2018-05-23 09:56:05: Deleted Recycled: /Volumes/[C] Windows 10.hidden/LAPK/PmetricsSource/_gsdata_/_saved_/Pmetrics/man/PMreadMatrix.Rd
2018-05-23 09:56:05: Deleted Recycled: /Volumes/[C] Windows 10.hidden/LAPK/PmetricsSource/_gsdata_/_saved_/Pmetrics/man/Dopt.Rd
2018-05-23 09:56:05: Deleted Recycled: /Volumes/[C] Windows 10.hidden/LAPK/PmetricsSource/_gsdata_/_saved_/Pmetrics/man/NPrun.Rd
2018-05-23 09:56:05: Deleted Recycled: /Volumes/[C] Windows 10.hidden/LAPK/PmetricsSource/_gsdata_/_saved_/Pmetrics/man/makePTA.Rd
2018-05-23 09:56:05: Deleted Recycled: /Volumes/[C] Windows 10.hidden/LAPK/PmetricsSource/_gsdata_/_saved_/Pmetrics/man/ITparse.Rd
2018-05-23 09:56:05: Deleted Recycled: /Volumes/[C] Windows 10.hidden/LAPK/PmetricsSource/_gsdata_/_saved_/Pmetrics/man/PMwrk2csv.Rd
2018-05-23 09:56:05: Deleted Recycled: /Volumes/[C] Windows 10.hidden/LAPK/PmetricsSource/_gsdata_/_saved_/Pmetrics/man/NM2PM.Rd
2018-05-23 09:56:05: Deleted Recycled: /Volumes/[C] Windows 10.hidden/LAPK/PmetricsSource/_gsdata_/_saved_/Pmetrics/man/Pmetrics-package.Rd
2018-05-23 09:56:05: Deleted Recycled: /Volumes/[C] Windows 10.hidden/LAPK/PmetricsSource/_gsdata_/_saved_/Pmetrics/man/print.summary.PMmatrix.Rd
2018-05-23 09:56:05: Deleted Recycled: /Volumes/[C] Windows 10.hidden/LAPK/PmetricsSource/_gsdata_/_saved_/Pmetrics/man/makePop.Rd
2018-05-23 09:56:05: Deleted Recycled: /Volumes/[C] Windows 10.hidden/LAPK/PmetricsSource/_gsdata_/_saved_/Pmetrics/man/print.PMnpc.Rd
2018-05-23 09:56:05: Deleted Recycled: /Volumes/[C] Windows 10.hidden/LAPK/PmetricsSource/_gsdata_/_saved_/Pmetrics/man/PMFortranConfig.Rd
2018-05-23 09:56:05: Deleted Recycled: /Volumes/[C] Windows 10.hidden/LAPK/PmetricsSource/_gsdata_/_saved_/Pmetrics/man/PMbuild.Rd
2018-05-23 09:56:05: Deleted Recycled: /Volumes/[C] Windows 10.hidden/LAPK/PmetricsSource/_gsdata_/_saved_/Pmetrics/man/summary.PMpta.Rd
2018-05-23 09:56:05: Deleted Recycled: /Volumes/[C] Windows 10.hidden/LAPK/PmetricsSource/_gsdata_/_saved_/Pmetrics/man/PMgetCRCL.Rd
2018-05-23 09:56:05: Deleted Recycled: /Volumes/[C] Windows 10.hidden/LAPK/PmetricsSource/_gsdata_/_saved_/Pmetrics/man/PMreport.Rd
2018-05-23 09:56:05: Deleted Recycled: /Volumes/[C] Windows 10.hidden/LAPK/PmetricsSource/_gsdata_/_saved_/Pmetrics/man/makeAUC.Rd
2018-05-23 09:56:05: Deleted Recycled: /Volumes/[C] Windows 10.hidden/LAPK/PmetricsSource/_gsdata_/_saved_/Pmetrics/man/plot.PMop.Rd
2018-05-23 09:56:05: Deleted Recycled: /Volumes/[C] Windows 10.hidden/LAPK/PmetricsSource/_gsdata_/_saved_/Pmetrics/man/makeErrorPoly.Rd
2018-05-23 09:56:05: Deleted Recycled: /Volumes/[C] Windows 10.hidden/LAPK/PmetricsSource/_gsdata_/_saved_/Pmetrics/man/PMnews.Rd
2018-05-23 09:56:05: Deleted Recycled: /Volumes/[C] Windows 10.hidden/LAPK/PmetricsSource/_gsdata_/_saved_/Pmetrics/man/plot.MMopt.Rd
2018-05-23 09:56:05: Deleted Recycled: /Volumes/[C] Windows 10.hidden/LAPK/PmetricsSource/_gsdata_/_saved_/Pmetrics/man/PMupdate.Rd
2018-05-23 09:56:05: Deleted Recycled: /Volumes/[C] Windows 10.hidden/LAPK/PmetricsSource/_gsdata_/_saved_/Pmetrics/man/PMsave.Rd
2018-05-23 09:56:05: Deleted Recycled: /Volumes/[C] Windows 10.hidden/LAPK/PmetricsSource/_gsdata_/_saved_/Pmetrics/man/PMpatch.Rd
2018-05-23 09:56:05: Deleted Recycled: /Volumes/[C] Windows 10.hidden/LAPK/PmetricsSource/_gsdata_/_saved_/Examples.zip
2018-05-23 09:56:05: Deleted Recycled: /Volumes/[C] Windows 10.hidden/LAPK/PmetricsSource/_gsdata_/_saved_/Pmetrics/inst/doc/Pmetrics-manual.pdf
2018-05-23 09:56:05: Deleted Recycled: /Volumes/[C] Windows 10.hidden/LAPK/PmetricsSource/_gsdata_/_saved_/Pmetrics/man/makeCycle.Rd
2018-05-23 09:56:05: Deleted Recycled: /Volumes/[C] Windows 10.hidden/LAPK/PmetricsSource/_gsdata_/_saved_/MTSKNN/src/MTSKNN_0.0-5.tar.gz
2018-05-23 09:56:05: Deleting Recycled Folder: /MTSKNN: cannot delete folder /Volumes/[C] Windows 10.hidden/LAPK/PmetricsSource/_gsdata_/_saved_/MTSKNN: Invalid argument (error 22)
2018-05-23 09:56:05: Deleted Recycled: /Volumes/[C] Windows 10.hidden/LAPK/PmetricsSource/_gsdata_/_saved_/Pmetrics/man/plot.PMpta.Rd
2018-05-23 09:56:05: Deleted Recycled: /Volumes/[C] Windows 10.hidden/LAPK/PmetricsSource/_gsdata_/_saved_/Pmetrics/man/plot.PMcycle.Rd
2018-05-23 09:56:05: Deleted Recycled: /Volumes/[C] Windows 10.hidden/LAPK/PmetricsSource/_gsdata_/_saved_/Pmetrics/man/qgrowth.Rd
2018-05-23 09:56:05: Deleted Recycled: /Volumes/[C] Windows 10.hidden/LAPK/PmetricsSource/_gsdata_/_saved_/Pmetrics/man/PMstep.Rd
2018-05-23 09:56:05: Deleted Recycled: /Volumes/[C] Windows 10.hidden/LAPK/PmetricsSource/_gsdata_/_saved_/Pmetrics/man/summary.PMfinal.Rd
2018-05-23 09:56:05: Deleted Recycled: /Volumes/[C] Windows 10.hidden/LAPK/PmetricsSource/_gsdata_/_saved_/Pmetrics/man/plot.PMnpde.Rd
2018-05-23 09:56:05: Deleted Recycled: /Volumes/[C] Windows 10.hidden/LAPK/PmetricsSource/_gsdata_/_saved_/Pmetrics/man/PMload.Rd
2018-05-23 09:56:05: Deleted Recycled: /Volumes/[C] Windows 10.hidden/LAPK/PmetricsSource/_gsdata_/_saved_/Pmetrics/man/plot.PMsim.Rd
2018-05-23 09:56:05: Deleted Recycled: /Volumes/[C] Windows 10.hidden/LAPK/PmetricsSource/_gsdata_/_saved_/Pmetrics/man/summary.PMdopt.Rd
2018-05-23 09:56:05: Deleted Recycled: /Volumes/[C] Windows 10.hidden/LAPK/PmetricsSource/_gsdata_/_saved_/Pmetrics/man/PMwriteMatrix.Rd
2018-05-23 09:56:05: Deleted Recycled: /Volumes/[C] Windows 10.hidden/LAPK/PmetricsSource/_gsdata_/_saved_/Pmetrics/man/PMmanual.Rd
2018-05-23 09:56:05: Deleted Recycled: /Volumes/[C] Windows 10.hidden/LAPK/PmetricsSource/_gsdata_/_saved_/Pmetrics/man/plot.PMmatrix.Rd
2018-05-23 09:56:05: Deleted Recycled: /Volumes/[C] Windows 10.hidden/LAPK/PmetricsSource/_gsdata_/_saved_/Pmetrics/man/summary.PMmatrix.Rd
2018-05-23 09:56:05: Deleted Recycled: /Volumes/[C] Windows 10.hidden/LAPK/PmetricsSource/_gsdata_/_saved_/Source/makePmetrics.R
2018-05-23 09:56:05: Deleting Recycled Folder: /Source: cannot delete folder /Volumes/[C] Windows 10.hidden/LAPK/PmetricsSource/_gsdata_/_saved_/Source: Invalid argument (error 22)
2018-05-23 09:56:05: Deleted Recycled: /Volumes/[C] Windows 10.hidden/LAPK/PmetricsSource/_gsdata_/_saved_/Pmetrics/man/PMex1.Rd
2018-05-23 09:56:05: Deleted Recycled: /Volumes/[C] Windows 10.hidden/LAPK/PmetricsSource/_gsdata_/_saved_/Pmetrics/man/makeFinal.Rd
2018-05-23 09:56:05: Deleted Recycled: /Volumes/[C] Windows 10.hidden/LAPK/PmetricsSource/_gsdata_/_saved_/Pmetrics/man/plot.PMfinal.Rd
2018-05-23 09:56:05: Deleted Recycled: /Volumes/[C] Windows 10.hidden/LAPK/PmetricsSource/_gsdata_/_saved_/Pmetrics/man/ITrun.Rd
2018-05-23 09:56:05: Deleted Recycled: /Volumes/[C] Windows 10.hidden/LAPK/PmetricsSource/_gsdata_/_saved_/Pmetrics/man/PMex2.Rd
2018-05-23 09:56:05: Deleted Recycled: /Volumes/[C] Windows 10.hidden/LAPK/PmetricsSource/_gsdata_/_saved_/Pmetrics/man/mic1.Rd
2018-05-23 09:56:05: Deleted Recycled: /Volumes/[C] Windows 10.hidden/LAPK/PmetricsSource/_gsdata_/_saved_/Pmetrics/R/SIMrun.R
2018-05-23 09:56:05: Deleted Recycled: /Volumes/[C] Windows 10.hidden/LAPK/PmetricsSource/_gsdata_/_saved_/Pmetrics/R/makeAUC.R
2018-05-23 09:56:05: Deleted Recycled: /Volumes/[C] Windows 10.hidden/LAPK/PmetricsSource/_gsdata_/_saved_/Pmetrics/man/PMmatrixRelTime.Rd
2018-05-23 09:56:05: Deleted Recycled: /Volumes/[C] Windows 10.hidden/LAPK/PmetricsSource/_gsdata_/_saved_/Pmetrics/man/makePTAtarget.Rd
2018-05-23 09:56:05: Deleted Recycled: /Volumes/[C] Windows 10.hidden/LAPK/PmetricsSource/_gsdata_/_saved_/Pmetrics/R/PMcheck.R
2018-05-23 09:56:05: Deleted Recycled: /Volumes/[C] Windows 10.hidden/LAPK/PmetricsSource/_gsdata_/_saved_/Pmetrics/R/PMrun.R
2018-05-23 09:56:05: Deleted Recycled: /Volumes/[C] Windows 10.hidden/LAPK/PmetricsSource/_gsdata_/_saved_/Pmetrics/man/PMex3.Rd
2018-05-23 09:56:05: Deleted Recycled: /Volumes/[C] Windows 10.hidden/LAPK/PmetricsSource/_gsdata_/_saved_/Pmetrics/man/PMtree.Rd
2018-05-23 09:56:05: Deleted Recycled: /Volumes/[C] Windows 10.hidden/LAPK/PmetricsSource/_gsdata_/_saved_/Pmetrics/R/PMwrk2csv.R
2018-05-23 09:56:05: Deleted Recycled: /Volumes/[C] Windows 10.hidden/LAPK/PmetricsSource/_gsdata_/_saved_/Pmetrics/man/plot.PMdopt.Rd
2018-05-23 09:56:05: Deleted Recycled: /Volumes/[C] Windows 10.hidden/LAPK/PmetricsSource/_gsdata_/_saved_/Pmetrics/R/PMaddCRCL.R
2018-05-23 09:56:05: Deleted Recycled: /Volumes/[C] Windows 10.hidden/LAPK/PmetricsSource/_gsdata_/_saved_/Pmetrics/man/summary.PMcov.Rd
2018-05-23 09:56:05: Deleted Recycled: /Volumes/[C] Windows 10.hidden/LAPK/PmetricsSource/_gsdata_/_saved_/Pmetrics/man/SIMparse.Rd
2018-05-23 09:56:05: Deleted Recycled: /Volumes/[C] Windows 10.hidden/LAPK/PmetricsSource/_gsdata_/_saved_/Pmetrics/R/PMutilities.R
2018-05-23 09:56:05: Deleted Recycled: /Volumes/[C] Windows 10.hidden/LAPK/PmetricsSource/_gsdata_/_saved_/Pmetrics/man/PMcompare.Rd
2018-05-23 09:56:05: Deleted Recycled: /Volumes/[C] Windows 10.hidden/LAPK/PmetricsSource/_gsdata_/_saved_/Pmetrics/man/MMopt.Rd
2018-05-23 09:56:05: Deleted Recycled: /Volumes/[C] Windows 10.hidden/LAPK/PmetricsSource/_gsdata_/_saved_/Pmetrics/man/print.MMopt.Rd
2018-05-23 09:56:05: == Sync Complete. Time: 00:00:01, Speed: 124.8 KB/s, OK: 7, Errors: 0
2018-05-23 09:56:05: 
